  Game.cpp
  Player.cpp
C:\Users\PC\Desktop\AA1_04_CardGame\AA1_04_CardGame\AA1_04_CardGame\Player.cpp(19,9): error C2065: 'v_value': identificador no declarado
C:\Users\PC\Desktop\AA1_04_CardGame\AA1_04_CardGame\AA1_04_CardGame\Player.cpp(19,25): error C2248: 'Card::v_value': no se puede obtener acceso al miembro private miembro declarado en la clase 'Card'
      C:\Users\PC\Desktop\AA1_04_CardGame\AA1_04_CardGame\AA1_04_CardGame\Card.h(11,6):
      vea la declaración de 'Card::v_value'
      C:\Users\PC\Desktop\AA1_04_CardGame\AA1_04_CardGame\AA1_04_CardGame\Card.h(7,7):
      vea la declaración de 'Card'
  
C:\Users\PC\Desktop\AA1_04_CardGame\AA1_04_CardGame\AA1_04_CardGame\Player.cpp(20,16): error C2065: 'v_value': identificador no declarado
C:\Users\PC\Desktop\AA1_04_CardGame\AA1_04_CardGame\AA1_04_CardGame\Player.cpp(20,31): error C2248: 'Card::v_value': no se puede obtener acceso al miembro private miembro declarado en la clase 'Card'
      C:\Users\PC\Desktop\AA1_04_CardGame\AA1_04_CardGame\AA1_04_CardGame\Card.h(11,6):
      vea la declaración de 'Card::v_value'
      C:\Users\PC\Desktop\AA1_04_CardGame\AA1_04_CardGame\AA1_04_CardGame\Card.h(7,7):
      vea la declaración de 'Card'
  
C:\Users\PC\Desktop\AA1_04_CardGame\AA1_04_CardGame\AA1_04_CardGame\Player.cpp(22,29): error C2065: 'v_suit': identificador no declarado
C:\Users\PC\Desktop\AA1_04_CardGame\AA1_04_CardGame\AA1_04_CardGame\Player.cpp(22,61): error C2248: 'Card::v_suit': no se puede obtener acceso al miembro private miembro declarado en la clase 'Card'
      C:\Users\PC\Desktop\AA1_04_CardGame\AA1_04_CardGame\AA1_04_CardGame\Card.h(10,7):
      vea la declaración de 'Card::v_suit'
      C:\Users\PC\Desktop\AA1_04_CardGame\AA1_04_CardGame\AA1_04_CardGame\Card.h(7,7):
      vea la declaración de 'Card'
  
  Generando código...
C:\Users\PC\Desktop\AA1_04_CardGame\AA1_04_CardGame\AA1_04_CardGame\Game.cpp(11,1): error C4716: 'Game::GetNewCard': debe devolver un valor
